==========================================
Starting contact penalty evolution
Array Task ID: 1
Run ID: 1
Node: c1-9
==========================================
(5_w,11)-aCMA-ES (mu_w=3.4,w_1=42%) in dimension 12 (seed=2447274068, Fri Dec  5 00:20:08 2025)
==========================================
Evolution completed
Run ID: 1
===========================================

Job 2173860 consumed 34.8 billing hours from project ec29.

Submitted 2025-12-05T00:19:36; waited 21.0 seconds in the queue after becoming eligible to run.

Requested wallclock time: 5.0 hours
Elapsed wallclock time:   3.2 hours

Job exited normally.

Task and CPU statistics:
ID             CPUs  Tasks  CPU util                Start  Elapsed  Exit status
2173860          11            0.0 %  2025-12-05T00:19:57    3.2 h  0
2173860.batch    11      1     9.0 %  2025-12-05T00:19:57    3.2 h  0

Used CPU time:   3.1 CPU hours
Unused CPU time: 1.3 CPU days

Memory statistics, in GiB:
ID              Alloc   Usage
2173860          44.0        
2173860.batch    44.0     0.1

Job 2173860 completed at Fri Dec 5 03:29:57 CET 2025
