==========================================
Starting contact penalty evolution
Array Task ID: 3
Run ID: 3
Node: c1-15
==========================================
(5_w,11)-aCMA-ES (mu_w=3.4,w_1=42%) in dimension 12 (seed=2447311187, Fri Dec  5 00:20:08 2025)
==========================================
Evolution completed
Run ID: 3
===========================================

Job 2173862 consumed 33.2 billing hours from project ec29.

Submitted 2025-12-05T00:19:36; waited 21.0 seconds in the queue after becoming eligible to run.

Requested wallclock time: 5.0 hours
Elapsed wallclock time:   3.0 hours

Job exited normally.

Task and CPU statistics:
ID             CPUs  Tasks  CPU util                Start  Elapsed  Exit status
2173862          11            0.0 %  2025-12-05T00:19:57    3.0 h  0
2173862.batch    11      1     9.0 %  2025-12-05T00:19:57    3.0 h  0

Used CPU time:   3.0 CPU hours
Unused CPU time: 1.3 CPU days

Memory statistics, in GiB:
ID              Alloc   Usage
2173862          44.0        
2173862.batch    44.0     0.1

Job 2173862 completed at Fri Dec 5 03:21:06 CET 2025
