==========================================
Starting contact penalty evolution
Array Task ID: 2
Run ID: 2
Node: c1-12
==========================================
(5_w,11)-aCMA-ES (mu_w=3.4,w_1=42%) in dimension 12 (seed=2447234181, Fri Dec  5 00:20:08 2025)
==========================================
Evolution completed
Run ID: 2
===========================================

Job 2173861 consumed 36.5 billing hours from project ec29.

Submitted 2025-12-05T00:19:36; waited 21.0 seconds in the queue after becoming eligible to run.

Requested wallclock time: 5.0 hours
Elapsed wallclock time:   3.3 hours

Job exited normally.

Task and CPU statistics:
ID             CPUs  Tasks  CPU util                Start  Elapsed  Exit status
2173861          11            0.0 %  2025-12-05T00:19:57    3.3 h  0
2173861.batch    11      1     9.0 %  2025-12-05T00:19:57    3.3 h  0

Used CPU time:   3.3 CPU hours
Unused CPU time: 1.4 CPU days

Memory statistics, in GiB:
ID              Alloc   Usage
2173861          44.0        
2173861.batch    44.0     0.2

Job 2173861 completed at Fri Dec 5 03:39:12 CET 2025
